<?xml version="1.0" encoding="UTF-8"?>
<testng-results ignored="0" total="3" passed="3" failed="0" skipped="0">
  <reporter-output>
  </reporter-output>
  <suite started-at="2025-12-27T17:10:24 IST" name="Default suite" finished-at="2025-12-27T17:11:08 IST" duration-ms="43489">
    <groups>
      <group name="cucumber">
        <method signature="AbstractTestNGCucumberTests.runScenario(io.cucumber.testng.PickleWrapper,io.cucumber.testng.FeatureWrapper)[pri:0, instance:runnerClass.RunnerFile@37ceb1df]" name="runScenario" class="io.cucumber.testng.AbstractTestNGCucumberTests"/>
      </group> <!-- cucumber -->
    </groups>
    <test started-at="2025-12-27T17:10:24 IST" name="Default test" finished-at="2025-12-27T17:11:08 IST" duration-ms="43489">
      <class name="runnerClass.RunnerFile">
        <test-method is-config="true" signature="setUpClass(org.testng.ITestContext)[pri:0, instance:runnerClass.RunnerFile@37ceb1df]" started-at="2025-12-27T17:10:24 IST" name="setUpClass" finished-at="2025-12-27T17:10:26 IST" duration-ms="1371" status="PASS">
          <params>
            <param index="0">
              <value>
                <![CDATA[org.testng.TestRunner@5d5c41e5]]>
              </value>
            </param>
          </params>
          <reporter-output>
          </reporter-output>
        </test-method> <!-- setUpClass -->
        <test-method signature="runScenario(io.cucumber.testng.PickleWrapper,io.cucumber.testng.FeatureWrapper)[pri:0, instance:runnerClass.RunnerFile@37ceb1df]" started-at="2025-12-27T17:10:26 IST" name="runScenario" description="Runs Cucumber Scenarios" data-provider="scenarios" finished-at="2025-12-27T17:10:46 IST" duration-ms="20083" status="PASS">
          <params>
            <param index="0">
              <value>
                <![CDATA["Signup for new user account"]]>
              </value>
            </param>
            <param index="1">
              <value>
                <![CDATA["To signup for a new user account"]]>
              </value>
            </param>
          </params>
          <reporter-output>
          </reporter-output>
        </test-method> <!-- runScenario -->
        <test-method signature="runScenario(io.cucumber.testng.PickleWrapper,io.cucumber.testng.FeatureWrapper)[pri:0, instance:runnerClass.RunnerFile@37ceb1df]" started-at="2025-12-27T17:10:46 IST" name="runScenario" description="Runs Cucumber Scenarios" data-provider="scenarios" finished-at="2025-12-27T17:10:59 IST" duration-ms="13711" status="PASS">
          <params>
            <param index="0">
              <value>
                <![CDATA["Signup for new user account"]]>
              </value>
            </param>
            <param index="1">
              <value>
                <![CDATA["To signup for a new user account"]]>
              </value>
            </param>
          </params>
          <reporter-output>
          </reporter-output>
        </test-method> <!-- runScenario -->
        <test-method signature="runScenario(io.cucumber.testng.PickleWrapper,io.cucumber.testng.FeatureWrapper)[pri:0, instance:runnerClass.RunnerFile@37ceb1df]" started-at="2025-12-27T17:10:59 IST" name="runScenario" description="Runs Cucumber Scenarios" data-provider="scenarios" finished-at="2025-12-27T17:11:07 IST" duration-ms="8078" status="PASS">
          <params>
            <param index="0">
              <value>
                <![CDATA["Login page validation"]]>
              </value>
            </param>
            <param index="1">
              <value>
                <![CDATA["Login page validation"]]>
              </value>
            </param>
          </params>
          <reporter-output>
          </reporter-output>
        </test-method> <!-- runScenario -->
        <test-method is-config="true" signature="tearDownClass()[pri:0, instance:runnerClass.RunnerFile@37ceb1df]" started-at="2025-12-27T17:11:07 IST" name="tearDownClass" finished-at="2025-12-27T17:11:08 IST" duration-ms="149" status="PASS">
          <reporter-output>
          </reporter-output>
        </test-method> <!-- tearDownClass -->
      </class> <!-- runnerClass.RunnerFile -->
    </test> <!-- Default test -->
  </suite> <!-- Default suite -->
</testng-results>
