<?xml version="1.0" encoding="UTF-8"?>
<!-- Generated by org.testng.reporters.JUnitReportReporter -->
<testsuite hostname="Atuls-PC" failures="0" tests="3" name="runnerClass.RunnerFile" time="29.170" errors="0" timestamp="2025-12-25T17:51:50 IST" skipped="0">
  <testcase classname="runnerClass.RunnerFile" name="runScenario" time="12.019"/>
  <testcase classname="runnerClass.RunnerFile" name="runScenario" time="4.981"/>
  <testcase classname="runnerClass.RunnerFile" name="runScenario" time="12.170"/>
</testsuite> <!-- runnerClass.RunnerFile -->
