<?xml version="1.0" encoding="UTF-8"?>
<!-- Generated by org.testng.reporters.JUnitReportReporter -->
<testsuite hostname="Atuls-PC" failures="0" tests="3" name="runnerClass.RunnerFile" time="41.872" errors="0" timestamp="2025-12-27T17:11:08 IST" skipped="0">
  <testcase classname="runnerClass.RunnerFile" name="runScenario" time="13.711"/>
  <testcase classname="runnerClass.RunnerFile" name="runScenario" time="8.078"/>
  <testcase classname="runnerClass.RunnerFile" name="runScenario" time="20.083"/>
</testsuite> <!-- runnerClass.RunnerFile -->
